Array
(
    [timestamp] => 2025-06-12 08:39:00
    [headers] => Array
        (
            [Priority] => u=0, i
            [Accept-Language] => ru,en;q=0.9
            [Accept-Encoding] => gzip, deflate, br, zstd
            [Sec-Fetch-Dest] => document
            [Sec-Fetch-User] => ?1
            [Sec-Fetch-Mode] => navigate
            [Sec-Fetch-Site] => none
            [Accept] => text/html,application/xhtml+xml,application/xml;q=0.9,image/avif,image/webp,image/apng,*/*;q=0.8,application/signed-exchange;v=b3;q=0.7
            [User-Agent] => Mozilla/5.0 (Windows NT 10.0; Win64; x64) AppleWebKit/537.36 (KHTML, like Gecko) Chrome/134.0.0.0 YaBrowser/25.4.0.0 Safari/537.36
            [Upgrade-Insecure-Requests] => 1
            [Sec-Ch-Ua-Platform] => "Windows"
            [Sec-Ch-Ua-Mobile] => ?0
            [Sec-Ch-Ua] => "Chromium";v="134", "Not:A-Brand";v="24", "YaBrowser";v="25.4", "Yowser";v="2.5"
            [Host] => vm20c2.ru
            [Content-Length] => 
            [Content-Type] => 
        )

    [get_params] => Array
        (
        )

)
Array
(
    [timestamp] => 2025-06-12 08:41:52
    [headers] => Array
        (
            [Cookie] => PHPSESSID=c8a5qlbunp21gr3it56k4rlj1f
            [Priority] => u=0, i
            [Accept-Language] => ru,en;q=0.9
            [Accept-Encoding] => gzip, deflate, br, zstd
            [Sec-Fetch-Dest] => document
            [Sec-Fetch-User] => ?1
            [Sec-Fetch-Mode] => navigate
            [Sec-Fetch-Site] => none
            [Accept] => text/html,application/xhtml+xml,application/xml;q=0.9,image/avif,image/webp,image/apng,*/*;q=0.8,application/signed-exchange;v=b3;q=0.7
            [User-Agent] => Mozilla/5.0 (Windows NT 10.0; Win64; x64) AppleWebKit/537.36 (KHTML, like Gecko) Chrome/134.0.0.0 YaBrowser/25.4.0.0 Safari/537.36
            [Upgrade-Insecure-Requests] => 1
            [Sec-Ch-Ua-Platform] => "Windows"
            [Sec-Ch-Ua-Mobile] => ?0
            [Sec-Ch-Ua] => "Chromium";v="134", "Not:A-Brand";v="24", "YaBrowser";v="25.4", "Yowser";v="2.5"
            [Host] => vm20c2.ru
            [Content-Length] => 
            [Content-Type] => 
        )

    [get_params] => Array
        (
        )

)
Array
(
    [timestamp] => 2025-06-12 08:46:22
    [headers] => Array
        (
            [Cookie] => PHPSESSID=c8a5qlbunp21gr3it56k4rlj1f
            [Priority] => u=0, i
            [Accept-Language] => ru,en;q=0.9
            [Accept-Encoding] => gzip, deflate, br, zstd
            [Sec-Fetch-Dest] => document
            [Sec-Fetch-User] => ?1
            [Sec-Fetch-Mode] => navigate
            [Sec-Fetch-Site] => none
            [Accept] => text/html,application/xhtml+xml,application/xml;q=0.9,image/avif,image/webp,image/apng,*/*;q=0.8,application/signed-exchange;v=b3;q=0.7
            [User-Agent] => Mozilla/5.0 (Windows NT 10.0; Win64; x64) AppleWebKit/537.36 (KHTML, like Gecko) Chrome/134.0.0.0 YaBrowser/25.4.0.0 Safari/537.36
            [Upgrade-Insecure-Requests] => 1
            [Sec-Ch-Ua-Platform] => "Windows"
            [Sec-Ch-Ua-Mobile] => ?0
            [Sec-Ch-Ua] => "Chromium";v="134", "Not:A-Brand";v="24", "YaBrowser";v="25.4", "Yowser";v="2.5"
            [Host] => vm20c2.ru
            [Content-Length] => 
            [Content-Type] => 
        )

    [get_params] => Array
        (
        )

)
